<?xml version="1.0" encoding="UTF-8"?>
<!-- Generated by org.testng.reporters.JUnitReportReporter -->
<testsuite hostname="DESKTOP-P7B0QUM" failures="0" tests="1" name="TestCases.TC_001Login" time="3.279" errors="0" timestamp="2024-09-17T17:41:15 IST" skipped="0">
  <testcase classname="TestCases.TC_001Login" name="loginHrm" time="3.279"/>
</testsuite> <!-- TestCases.TC_001Login -->
