<?xml version="1.0" encoding="UTF-8"?>
<!-- Generated by org.testng.reporters.JUnitReportReporter -->
<testsuite hostname="DESKTOP-P7B0QUM" failures="0" tests="1" name="TestCases.TC_001Login" time="5.189" errors="0" timestamp="2024-09-17T18:50:56 IST" skipped="0">
  <testcase classname="TestCases.TC_001Login" name="loginHrm" time="5.189"/>
</testsuite> <!-- TestCases.TC_001Login -->
